[0;33m--- esp-idf-monitor 1.3.2 on /dev/ttyACM0 115200 ---[0m
[0;33m--- Quit: Ctrl+] | Menu: Ctrl+T | Help: Ctrl+T followed by Ctrl+H ---[0m
[0;33m0x4004c72a: recv_packet in ROM
[0m
[0;33mStack dump detected[0m
[0;33m0x40388f40: systimer_ll_get_counter_value_high at /home/ubuntu/esp/esp-idf/components/hal/esp32c3/include/hal/systimer_ll.h:81 (discriminator 1)
 (inlined by) systimer_hal_get_counter_value at /home/ubuntu/esp/esp-idf/components/hal/systimer_hal.c:66 (discriminator 1)
[0m
[0;33m0x4038184a: esp_timer_impl_get_time at /home/ubuntu/esp/esp-idf/components/esp_timer/src/esp_timer_impl_systimer.c:72
[0m
[0;33m0x4005890e: memset in ROM
[0m
[0;33m0x403838ac: systimer_ticks_to_us at /home/ubuntu/esp/esp-idf/components/esp_hw_support/port/esp32c3/systimer.c:16
[0m
[0;33m0x42007738: app_main at /home/ubuntu/esp/lab5_1/main/lab5_1.c:103 (discriminator 1)
[0m
[0;33m0x403838b0: systimer_ticks_to_us at /home/ubuntu/esp/esp-idf/components/esp_hw_support/port/esp32c3/systimer.c:16
[0m
[0;33m0x4038184c: esp_timer_impl_get_time at /home/ubuntu/esp/esp-idf/components/esp_timer/src/esp_timer_impl_systimer.c:73
[0m
[0;33m0x4005890e: memset in ROM
[0m
[0;33m0x403838ac: systimer_ticks_to_us at /home/ubuntu/esp/esp-idf/components/esp_hw_support/port/esp32c3/systimer.c:16
[0m
[0;33m0x42007738: app_main at /home/ubuntu/esp/lab5_1/main/lab5_1.c:103 (discriminator 1)
[0m
[0;33m0x40388f1e: systimer_ll_is_counter_value_valid at /home/ubuntu/esp/esp-idf/components/hal/esp32c3/include/hal/systimer_ll.h:65 (discriminator 1)
 (inlined by) systimer_hal_get_counter_value at /home/ubuntu/esp/esp-idf/components/hal/systimer_hal.c:57 (discriminator 1)
[0m
[0;33m0x4038184a: esp_timer_impl_get_time at /home/ubuntu/esp/esp-idf/components/esp_timer/src/esp_timer_impl_systimer.c:72
[0m
[0;33m0x4005890e: memset in ROM
[0m
[0;33m0x403838ac: systimer_ticks_to_us at /home/ubuntu/esp/esp-idf/components/esp_hw_support/port/esp32c3/systimer.c:16
[0m
[0;33m0x40000000: _start in ROM
[0m
[0;33m0x42007738: app_main at /home/ubuntu/esp/lab5_1/main/lab5_1.c:103 (discriminator 1)
[0m
[1;31mNone[0m
[0;33mWaiting for the device to reconnect[0mException in thread Thread-2 (_run_outer):
Traceback (most recent call last):
  File "/home/ubuntu/.espressif/python_env/idf5.2_py3.10_env/lib/python3.10/site-packages/esp_idf_monitor/base/serial_reader.py", line 76, in run
    data = self.serial.read(self.serial.in_waiting or 1)
  File "/home/ubuntu/.espressif/python_env/idf5.2_py3.10_env/lib/python3.10/site-packages/serial/serialposix.py", line 595, in read
    raise SerialException(
serial.serialutil.SerialException: device reports readiness to read but returned no data (device disconnected or multiple access on port?)

During handling of the above exception, another exception occurred:

Traceback (most recent call last):
  File "/home/ubuntu/.espressif/python_env/idf5.2_py3.10_env/lib/python3.10/site-packages/esp_idf_monitor/base/serial_reader.py", line 83, in run
    self.close_serial()
  File "/home/ubuntu/.espressif/python_env/idf5.2_py3.10_env/lib/python3.10/site-packages/esp_idf_monitor/base/serial_reader.py", line 104, in close_serial
    self._disable_closing_wait_or_discard_data()
  File "/home/ubuntu/.espressif/python_env/idf5.2_py3.10_env/lib/python3.10/site-packages/esp_idf_monitor/base/serial_reader.py", line 119, in _disable_closing_wait_or_discard_data
    buf = fcntl.ioctl(self.serial.fd, termios.TIOCGSERIAL, buf)
OSError: [Errno 5] Input/output error

During handling of the above exception, another exception occurred:

Traceback (most recent call last):
  File "/usr/lib/python3.10/threading.py", line 1016, in _bootstrap_inner
    self.run()
  File "/usr/lib/python3.10/threading.py", line 953, in run
    self._target(*self._args, **self._kwargs)
  File "/home/ubuntu/.espressif/python_env/idf5.2_py3.10_env/lib/python3.10/site-packages/esp_idf_monitor/base/stoppable_thread.py", line 47, in _run_outer
    self.run()
  File "/home/ubuntu/.espressif/python_env/idf5.2_py3.10_env/lib/python3.10/site-packages/esp_idf_monitor/base/serial_reader.py", line 100, in run
    self.close_serial()
  File "/home/ubuntu/.espressif/python_env/idf5.2_py3.10_env/lib/python3.10/site-packages/esp_idf_monitor/base/serial_reader.py", line 104, in close_serial
    self._disable_closing_wait_or_discard_data()
  File "/home/ubuntu/.espressif/python_env/idf5.2_py3.10_env/lib/python3.10/site-packages/esp_idf_monitor/base/serial_reader.py", line 119, in _disable_closing_wait_or_discard_data
    buf = fcntl.ioctl(self.serial.fd, termios.TIOCGSERIAL, buf)
OSError: [Errno 5] Input/output error
[0m
